<?xml version="1.0" encoding="UTF-8"?>
<TestRun id="38469da8-3e4b-4663-bb2f-2f6571d49d1a" name="Septu@SEPTU-PC 2012-12-23 19:57:34" runUser="SEPTU-PC\Septu" xmlns="http://microsoft.com/schemas/VisualStudio/TeamTest/2010">
  <TestSettings name="Local" id="88c1284f-69eb-4f54-8995-2b77305642a8">
    <Description>These are default test settings for a local test run.</Description>
    <Deployment enabled="false" runDeploymentRoot="Septu_SEPTU-PC 2012-12-23 19_57_34">
      <DeploymentItem filename="D:\Informatics\proyek\RCA\StarEnergi\bin\StarEnergi.dll" />
    </Deployment>
    <Execution>
      <TestTypeSpecific />
      <AgentRule name="Execution Agents">
      </AgentRule>
    </Execution>
  </TestSettings>
  <Times creation="2012-12-23T19:57:34.3838919+07:00" queuing="2012-12-23T19:57:36.7250258+07:00" start="2012-12-23T19:57:36.7740286+07:00" finish="2012-12-23T19:57:38.4631252+07:00" />
  <ResultSummary outcome="Completed">
    <Counters total="1" executed="1" passed="1" error="0" failed="0" timeout="0" aborted="0" inconclusive="0" passedButRunAborted="0" notRunnable="0" notExecuted="0" disconnected="0" warning="0" completed="0" inProgress="0" pending="0" />
  </ResultSummary>
  <TestDefinitions>
    <UnitTest name="TestMethod1" storage="d:\informatics\proyek\rca\starenergitests\bin\debug\starenergitests.dll" id="77797d75-1f12-f8c2-dbfa-0de84c6c3e3d">
      <Execution id="31536b63-573c-4d73-82c2-467d544f512b" />
      <TestMethod codeBase="D:/Informatics/proyek/RCA/StarEnergiTests/bin/Debug/StarEnergiTests.DLL" adapterTypeName="Microsoft.VisualStudio.TestTools.TestTypes.Unit.UnitTestAdapter, Microsoft.VisualStudio.QualityTools.Tips.UnitTest.Adapter, Version=10.0.0.0, Culture=neutral, PublicKeyToken=b03f5f7f11d50a3a" className="StarEnergiTests.UnitTest1, StarEnergiTests, Version=1.0.0.0, Culture=neutral, PublicKeyToken=null" name="TestMethod1" />
    </UnitTest>
  </TestDefinitions>
  <TestLists>
    <TestList name="Results Not in a List" id="8c84fa94-04c1-424b-9868-57a2d4851a1d" />
    <TestList name="All Loaded Results" id="19431567-8539-422a-85d7-44ee4e166bda" />
  </TestLists>
  <TestEntries>
    <TestEntry testId="77797d75-1f12-f8c2-dbfa-0de84c6c3e3d" executionId="31536b63-573c-4d73-82c2-467d544f512b" testListId="8c84fa94-04c1-424b-9868-57a2d4851a1d" />
  </TestEntries>
  <Results>
    <UnitTestResult executionId="31536b63-573c-4d73-82c2-467d544f512b" testId="77797d75-1f12-f8c2-dbfa-0de84c6c3e3d" testName="TestMethod1" computerName="SEPTU-PC" duration="00:00:00.0132023" startTime="2012-12-23T19:57:36.8120308+07:00" endTime="2012-12-23T19:57:38.3641196+07:00" testType="13cdc9d9-ddb5-4fa4-a97d-d965ccfc6d4b" outcome="Passed" testListId="8c84fa94-04c1-424b-9868-57a2d4851a1d" relativeResultsDirectory="31536b63-573c-4d73-82c2-467d544f512b">
    </UnitTestResult>
  </Results>
</TestRun>